<?xml version="1.0" encoding="UTF-8"?>
<testsuite xmlns:xsi="http://www.w3.org/2001/XMLSchema-instance" xsi:noNamespaceSchemaLocation="https://maven.apache.org/surefire/maven-surefire-plugin/xsd/surefire-test-report.xsd" name="com.upgrad.bookmyconsultation.controller.AppointmentControllerTest" time="0.279" tests="2" errors="0" skipped="0" failures="0">
  <properties>
[...]
</properties>
  <testcase name="bookAppointment_valid_returnsId" classname="com.upgrad.bookmyconsultation.controller.AppointmentControllerTest" time="0.069"/>
  <testcase name="getAppointment_valid_returnsAppointment" classname="com.upgrad.bookmyconsultation.controller.AppointmentControllerTest" time="0.009"/>
</testsuite>